<?xml version="1.0" encoding="UTF-8"?>
<testsuite xmlns:xsi="http://www.w3.org/2001/XMLSchema-instance" xsi:noNamespaceSchemaLocation="https://maven.apache.org/surefire/maven-surefire-plugin/xsd/surefire-test-report.xsd" name="TP2.SapatilhaTest" time="0.036" tests="6" errors="0" skipped="0" failures="4">
  <properties>
[...]
</properties>
  <testcase name="testClone" classname="TP2.SapatilhaTest" time="0.018">
    <failure message="expected: TP2.Sapatilha&lt;Sapatilhas:: {Artigo:: { Código de barras: A1 Descrição: Descrição Marca: Marca Preço base: 100.0 Novo: false Estado de uso: 1 Número de utilizadores: 1 Disponivel: true Id da transportadora: 1 Id do vendedor: 1 } Tamanho: 42 Atacadores: true Cor: Azul Data da Coleção: 2021 Premium: true Desconto: 10.0}&gt; but was: TP2.Sapatilha&lt;Sapatilhas:: {Artigo:: { Código de barras: A1 Descrição: Descrição Marca: Marca Preço base: 100.0 Novo: false Estado de uso: 1 Número de utilizadores: 1 Disponivel: true Id da transportadora: 1 Id do vendedor: 1 } Tamanho: 42 Atacadores: true Cor: Azul Data da Coleção: 2021 Premium: true Desconto: 10.0}&gt;" type="java.lang.AssertionError"><![CDATA[java.lang.AssertionError: expected: TP2.Sapatilha<Sapatilhas:: {Artigo:: { Código de barras: A1 Descrição: Descrição Marca: Marca Preço base: 100.0 Novo: false Estado de uso: 1 Número de utilizadores: 1 Disponivel: true Id da transportadora: 1 Id do vendedor: 1 } Tamanho: 42 Atacadores: true Cor: Azul Data da Coleção: 2021 Premium: true Desconto: 10.0}> but was: TP2.Sapatilha<Sapatilhas:: {Artigo:: { Código de barras: A1 Descrição: Descrição Marca: Marca Preço base: 100.0 Novo: false Estado de uso: 1 Número de utilizadores: 1 Disponivel: true Id da transportadora: 1 Id do vendedor: 1 } Tamanho: 42 Atacadores: true Cor: Azul Data da Coleção: 2021 Premium: true Desconto: 10.0}>
	at TP2.SapatilhaTest.testClone(SapatilhaTest.java:46)
]]></failure>
  </testcase>
  <testcase name="testToString" classname="TP2.SapatilhaTest" time="0.004">
    <failure message="expected:&lt;...tilhas:: {Artigo:: {[Descrição: Descrição Marca: Marca Preço Base: 100.0 Novo: false Estado de Uso: 1 Número de Utilizadores: 1 Transportadora: 1 Vendedor: 1]} Tamanho: 42 Atacad...&gt; but was:&lt;...tilhas:: {Artigo:: {[ Código de barras: A2 Descrição: Descrição Marca: Marca Preço base: 100.0 Novo: false Estado de uso: 1 Número de utilizadores: 1 Disponivel: true Id da transportadora: 1 Id do vendedor: 1 ]} Tamanho: 42 Atacad...&gt;" type="org.junit.ComparisonFailure"><![CDATA[org.junit.ComparisonFailure: expected:<...tilhas:: {Artigo:: {[Descrição: Descrição Marca: Marca Preço Base: 100.0 Novo: false Estado de Uso: 1 Número de Utilizadores: 1 Transportadora: 1 Vendedor: 1]} Tamanho: 42 Atacad...> but was:<...tilhas:: {Artigo:: {[ Código de barras: A2 Descrição: Descrição Marca: Marca Preço base: 100.0 Novo: false Estado de uso: 1 Número de utilizadores: 1 Disponivel: true Id da transportadora: 1 Id do vendedor: 1 ]} Tamanho: 42 Atacad...>
	at TP2.SapatilhaTest.testToString(SapatilhaTest.java:83)
]]></failure>
  </testcase>
  <testcase name="testPrecoAtual" classname="TP2.SapatilhaTest" time="0.002">
    <failure message="expected:&lt;91.0&gt; but was:&lt;81.0&gt;" type="java.lang.AssertionError"><![CDATA[java.lang.AssertionError: expected:<91.0> but was:<81.0>
	at TP2.SapatilhaTest.testPrecoAtual(SapatilhaTest.java:70)
]]></failure>
  </testcase>
  <testcase name="testConstrutorParametrizado" classname="TP2.SapatilhaTest" time="0.002"/>
  <testcase name="testEquals" classname="TP2.SapatilhaTest" time="0.003">
    <failure message="expected:&lt;Sapatilhas:: {Artigo:: { Código de barras: A5 Descrição: Descrição Marca: Marca Preço base: 100.0 Novo: false Estado de uso: 1 Número de utilizadores: 1 Disponivel: true Id da transportadora: 1 Id do vendedor: 1 } Tamanho: 42 Atacadores: true Cor: Azul Data da Coleção: 2021 Premium: true Desconto: 10.0}&gt; but was:&lt;Sapatilhas:: {Artigo:: { Código de barras: A6 Descrição: Descrição Marca: Marca Preço base: 100.0 Novo: false Estado de uso: 1 Número de utilizadores: 1 Disponivel: true Id da transportadora: 1 Id do vendedor: 1 } Tamanho: 42 Atacadores: true Cor: Azul Data da Coleção: 2021 Premium: true Desconto: 10.0}&gt;" type="java.lang.AssertionError"><![CDATA[java.lang.AssertionError: expected:<Sapatilhas:: {Artigo:: { Código de barras: A5 Descrição: Descrição Marca: Marca Preço base: 100.0 Novo: false Estado de uso: 1 Número de utilizadores: 1 Disponivel: true Id da transportadora: 1 Id do vendedor: 1 } Tamanho: 42 Atacadores: true Cor: Azul Data da Coleção: 2021 Premium: true Desconto: 10.0}> but was:<Sapatilhas:: {Artigo:: { Código de barras: A6 Descrição: Descrição Marca: Marca Preço base: 100.0 Novo: false Estado de uso: 1 Número de utilizadores: 1 Disponivel: true Id da transportadora: 1 Id do vendedor: 1 } Tamanho: 42 Atacadores: true Cor: Azul Data da Coleção: 2021 Premium: true Desconto: 10.0}>
	at TP2.SapatilhaTest.testEquals(SapatilhaTest.java:55)
]]></failure>
  </testcase>
  <testcase name="testConstrutorVazio" classname="TP2.SapatilhaTest" time="0.001"/>
</testsuite>