<?xml version="1.0" encoding="UTF-8"?>
<testsuite xmlns:xsi="http://www.w3.org/2001/XMLSchema-instance" xsi:noNamespaceSchemaLocation="https://maven.apache.org/surefire/maven-surefire-plugin/xsd/surefire-test-report.xsd" name="TP1.SapatilhasTest" time="0.008" tests="6" errors="0" skipped="0" failures="0">
  <properties>
[...]
</properties>
  <testcase name="testConstrutorComParametros" classname="TP1.SapatilhasTest" time="0"/>
  <testcase name="testClone" classname="TP1.SapatilhasTest" time="0"/>
  <testcase name="testConstrutorPadrao" classname="TP1.SapatilhasTest" time="0"/>
  <testcase name="testPrecoFinal" classname="TP1.SapatilhasTest" time="0.001"/>
  <testcase name="testEquals" classname="TP1.SapatilhasTest" time="0.001"/>
  <testcase name="testSetters" classname="TP1.SapatilhasTest" time="0.001"/>
</testsuite>