<?xml version="1.0" encoding="UTF-8"?>
<testsuite xmlns:xsi="http://www.w3.org/2001/XMLSchema-instance" xsi:noNamespaceSchemaLocation="https://maven.apache.org/surefire/maven-surefire-plugin/xsd/surefire-test-report.xsd" name="TP1.VintageTest" time="0.018" tests="11" errors="11" skipped="0" failures="0">
  <properties>
[...]
</properties>
  <testcase name="testGettersAndSetters" classname="TP1.VintageTest" time="0.001">
    <error message="Unresolved compilation problems: &#10;	The method setSessaoAtual(String) is undefined for the type Vintage&#10;	The method setUtilizadores(Map&lt;String,Utilizador&gt;) is undefined for the type Vintage&#10;" type="java.lang.Error"><![CDATA[java.lang.Error: 
Unresolved compilation problems: 
	The method setSessaoAtual(String) is undefined for the type Vintage
	The method setUtilizadores(Map<String,Utilizador>) is undefined for the type Vintage

	at TP1.VintageTest.testGettersAndSetters(VintageTest.java:29)
]]></error>
  </testcase>
  <testcase name="testGetArtigosVenda" classname="TP1.VintageTest" time="0">
    <error message="Unresolved compilation problems: &#10;	The constructor Utilizador(String, String, String, String, String, int) is undefined&#10;	The constructor Utilizador(String, String, String, String, String, int) is undefined&#10;	Cannot instantiate the type Artigo&#10;	Cannot instantiate the type Artigo&#10;" type="java.lang.Error">java.lang.Error: 
Unresolved compilation problems: 
	The constructor Utilizador(String, String, String, String, String, int) is undefined
	The constructor Utilizador(String, String, String, String, String, int) is undefined
	Cannot instantiate the type Artigo
	Cannot instantiate the type Artigo

	at TP1.VintageTest.testGetArtigosVenda(VintageTest.java:68)
</error>
  </testcase>
  <testcase name="testGetTransportadora" classname="TP1.VintageTest" time="0">
    <error message="Unresolved compilation problem: &#10;	The constructor Transportadoras(String, String, int, double, double, int) is undefined&#10;" type="java.lang.Error">java.lang.Error: 
Unresolved compilation problem: 
	The constructor Transportadoras(String, String, int, double, double, int) is undefined

	at TP1.VintageTest.testGetTransportadora(VintageTest.java:60)
</error>
  </testcase>
  <testcase name="testEqualsDifferentDataPrograma" classname="TP1.VintageTest" time="0">
    <error type="java.lang.NullPointerException">java.lang.NullPointerException
	at TP1.VintageTest.testEqualsDifferentDataPrograma(VintageTest.java:156)
</error>
  </testcase>
  <testcase name="testAddUtilizador" classname="TP1.VintageTest" time="0">
    <error message="Unresolved compilation problem: &#10;	The constructor Utilizador(String, String, String, String, String, int) is undefined&#10;" type="java.lang.Error">java.lang.Error: 
Unresolved compilation problem: 
	The constructor Utilizador(String, String, String, String, String, int) is undefined

	at TP1.VintageTest.testAddUtilizador(VintageTest.java:44)
</error>
  </testcase>
  <testcase name="testEqualsDifferentEncomendas" classname="TP1.VintageTest" time="0.002">
    <error type="java.lang.NullPointerException">java.lang.NullPointerException
	at TP1.VintageTest.testEqualsDifferentEncomendas(VintageTest.java:127)
</error>
  </testcase>
  <testcase name="testHashCode" classname="TP1.VintageTest" time="0.002">
    <error message="Unresolved compilation problem: &#10;	The method setSessaoAtual(String) is undefined for the type Vintage&#10;" type="java.lang.Error">java.lang.Error: 
Unresolved compilation problem: 
	The method setSessaoAtual(String) is undefined for the type Vintage

	at TP1.VintageTest.testHashCode(VintageTest.java:169)
</error>
  </testcase>
  <testcase name="testEqualsDifferentUtizadores" classname="TP1.VintageTest" time="0.002">
    <error type="java.lang.NullPointerException">java.lang.NullPointerException
	at TP1.VintageTest.testEqualsDifferentUtizadores(VintageTest.java:110)
</error>
  </testcase>
  <testcase name="testEqualsDifferentTransportadoras" classname="TP1.VintageTest" time="0.004">
    <error type="java.lang.NullPointerException">java.lang.NullPointerException
	at TP1.VintageTest.testEqualsDifferentTransportadoras(VintageTest.java:142)
</error>
  </testcase>
  <testcase name="testEqualsDifferentSessaoAtual" classname="TP1.VintageTest" time="0.001">
    <error message="Unresolved compilation problems: &#10;	The method setSessaoAtual(String) is undefined for the type Vintage&#10;	The method setSessaoAtual(String) is undefined for the type Vintage&#10;" type="java.lang.Error">java.lang.Error: 
Unresolved compilation problems: 
	The method setSessaoAtual(String) is undefined for the type Vintage
	The method setSessaoAtual(String) is undefined for the type Vintage

	at TP1.VintageTest.testEqualsDifferentSessaoAtual(VintageTest.java:94)
</error>
  </testcase>
  <testcase name="testAddTransportadora" classname="TP1.VintageTest" time="0.001">
    <error message="Unresolved compilation problem: &#10;	The constructor Transportadoras(String, String, int, double, double, int) is undefined&#10;" type="java.lang.Error">java.lang.Error: 
Unresolved compilation problem: 
	The constructor Transportadoras(String, String, int, double, double, int) is undefined

	at TP1.VintageTest.testAddTransportadora(VintageTest.java:52)
</error>
  </testcase>
</testsuite>