<?xml version="1.0" encoding="UTF-8"?>
<testsuite xmlns:xsi="http://www.w3.org/2001/XMLSchema-instance" xsi:noNamespaceSchemaLocation="https://maven.apache.org/surefire/maven-surefire-plugin/xsd/surefire-test-report.xsd" name="TP2.Gestor_Artigos_ESTest" time="0.099" tests="107" errors="0" skipped="0" failures="0">
  <properties>
[...]
</properties>
  <testcase name="test032" classname="TP2.Gestor_Artigos_ESTest" time="0.001"/>
  <testcase name="test031" classname="TP2.Gestor_Artigos_ESTest" time="0.001"/>
  <testcase name="test034" classname="TP2.Gestor_Artigos_ESTest" time="0.001"/>
  <testcase name="test033" classname="TP2.Gestor_Artigos_ESTest" time="0.001"/>
  <testcase name="test030" classname="TP2.Gestor_Artigos_ESTest" time="0"/>
  <testcase name="test029" classname="TP2.Gestor_Artigos_ESTest" time="0.001"/>
  <testcase name="test028" classname="TP2.Gestor_Artigos_ESTest" time="0.001"/>
  <testcase name="test025" classname="TP2.Gestor_Artigos_ESTest" time="0.001"/>
  <testcase name="test024" classname="TP2.Gestor_Artigos_ESTest" time="0"/>
  <testcase name="test027" classname="TP2.Gestor_Artigos_ESTest" time="0.001"/>
  <testcase name="test026" classname="TP2.Gestor_Artigos_ESTest" time="0.002"/>
  <testcase name="test021" classname="TP2.Gestor_Artigos_ESTest" time="0.001"/>
  <testcase name="test020" classname="TP2.Gestor_Artigos_ESTest" time="0"/>
  <testcase name="test023" classname="TP2.Gestor_Artigos_ESTest" time="0.002"/>
  <testcase name="test022" classname="TP2.Gestor_Artigos_ESTest" time="0.005"/>
  <testcase name="test018" classname="TP2.Gestor_Artigos_ESTest" time="0.003"/>
  <testcase name="test017" classname="TP2.Gestor_Artigos_ESTest" time="0.001"/>
  <testcase name="test019" classname="TP2.Gestor_Artigos_ESTest" time="0.001"/>
  <testcase name="test014" classname="TP2.Gestor_Artigos_ESTest" time="0"/>
  <testcase name="test013" classname="TP2.Gestor_Artigos_ESTest" time="0.001"/>
  <testcase name="test016" classname="TP2.Gestor_Artigos_ESTest" time="0.001"/>
  <testcase name="test015" classname="TP2.Gestor_Artigos_ESTest" time="0.001"/>
  <testcase name="test054" classname="TP2.Gestor_Artigos_ESTest" time="0.001"/>
  <testcase name="test053" classname="TP2.Gestor_Artigos_ESTest" time="0.002"/>
  <testcase name="test056" classname="TP2.Gestor_Artigos_ESTest" time="0.001"/>
  <testcase name="test055" classname="TP2.Gestor_Artigos_ESTest" time="0.001"/>
  <testcase name="test050" classname="TP2.Gestor_Artigos_ESTest" time="0.001"/>
  <testcase name="test052" classname="TP2.Gestor_Artigos_ESTest" time="0"/>
  <testcase name="test051" classname="TP2.Gestor_Artigos_ESTest" time="0.001"/>
  <testcase name="test047" classname="TP2.Gestor_Artigos_ESTest" time="0.001"/>
  <testcase name="test046" classname="TP2.Gestor_Artigos_ESTest" time="0"/>
  <testcase name="test049" classname="TP2.Gestor_Artigos_ESTest" time="0.001"/>
  <testcase name="test048" classname="TP2.Gestor_Artigos_ESTest" time="0.001"/>
  <testcase name="test043" classname="TP2.Gestor_Artigos_ESTest" time="0.001"/>
  <testcase name="test042" classname="TP2.Gestor_Artigos_ESTest" time="0"/>
  <testcase name="test045" classname="TP2.Gestor_Artigos_ESTest" time="0.001"/>
  <testcase name="test044" classname="TP2.Gestor_Artigos_ESTest" time="0"/>
  <testcase name="test041" classname="TP2.Gestor_Artigos_ESTest" time="0.001"/>
  <testcase name="test040" classname="TP2.Gestor_Artigos_ESTest" time="0"/>
  <testcase name="test039" classname="TP2.Gestor_Artigos_ESTest" time="0.001"/>
  <testcase name="test036" classname="TP2.Gestor_Artigos_ESTest" time="0"/>
  <testcase name="test035" classname="TP2.Gestor_Artigos_ESTest" time="0.001"/>
  <testcase name="test038" classname="TP2.Gestor_Artigos_ESTest" time="0.001"/>
  <testcase name="test037" classname="TP2.Gestor_Artigos_ESTest" time="0.001"/>
  <testcase name="test070" classname="TP2.Gestor_Artigos_ESTest" time="0.001"/>
  <testcase name="test076" classname="TP2.Gestor_Artigos_ESTest" time="0.001"/>
  <testcase name="test075" classname="TP2.Gestor_Artigos_ESTest" time="0.001"/>
  <testcase name="test078" classname="TP2.Gestor_Artigos_ESTest" time="0"/>
  <testcase name="test077" classname="TP2.Gestor_Artigos_ESTest" time="0.001"/>
  <testcase name="test072" classname="TP2.Gestor_Artigos_ESTest" time="0.001"/>
  <testcase name="test071" classname="TP2.Gestor_Artigos_ESTest" time="0.001"/>
  <testcase name="test074" classname="TP2.Gestor_Artigos_ESTest" time="0"/>
  <testcase name="test073" classname="TP2.Gestor_Artigos_ESTest" time="0.001"/>
  <testcase name="test106" classname="TP2.Gestor_Artigos_ESTest" time="0.001"/>
  <testcase name="test105" classname="TP2.Gestor_Artigos_ESTest" time="0.001"/>
  <testcase name="test069" classname="TP2.Gestor_Artigos_ESTest" time="0.001"/>
  <testcase name="test102" classname="TP2.Gestor_Artigos_ESTest" time="0"/>
  <testcase name="test068" classname="TP2.Gestor_Artigos_ESTest" time="0.001"/>
  <testcase name="test101" classname="TP2.Gestor_Artigos_ESTest" time="0.001"/>
  <testcase name="test104" classname="TP2.Gestor_Artigos_ESTest" time="0.001"/>
  <testcase name="test103" classname="TP2.Gestor_Artigos_ESTest" time="0.001"/>
  <testcase name="test065" classname="TP2.Gestor_Artigos_ESTest" time="0"/>
  <testcase name="test064" classname="TP2.Gestor_Artigos_ESTest" time="0.001"/>
  <testcase name="test067" classname="TP2.Gestor_Artigos_ESTest" time="0.001"/>
  <testcase name="test100" classname="TP2.Gestor_Artigos_ESTest" time="0"/>
  <testcase name="test066" classname="TP2.Gestor_Artigos_ESTest" time="0"/>
  <testcase name="test061" classname="TP2.Gestor_Artigos_ESTest" time="0.001"/>
  <testcase name="test060" classname="TP2.Gestor_Artigos_ESTest" time="0.001"/>
  <testcase name="test063" classname="TP2.Gestor_Artigos_ESTest" time="0.001"/>
  <testcase name="test062" classname="TP2.Gestor_Artigos_ESTest" time="0"/>
  <testcase name="test058" classname="TP2.Gestor_Artigos_ESTest" time="0.001"/>
  <testcase name="test057" classname="TP2.Gestor_Artigos_ESTest" time="0.001"/>
  <testcase name="test059" classname="TP2.Gestor_Artigos_ESTest" time="0"/>
  <testcase name="test090" classname="TP2.Gestor_Artigos_ESTest" time="0.001"/>
  <testcase name="test092" classname="TP2.Gestor_Artigos_ESTest" time="0.001"/>
  <testcase name="test091" classname="TP2.Gestor_Artigos_ESTest" time="0.001"/>
  <testcase name="test010" classname="TP2.Gestor_Artigos_ESTest" time="0.001"/>
  <testcase name="test098" classname="TP2.Gestor_Artigos_ESTest" time="0.003"/>
  <testcase name="test097" classname="TP2.Gestor_Artigos_ESTest" time="0.001"/>
  <testcase name="test012" classname="TP2.Gestor_Artigos_ESTest" time="0.001"/>
  <testcase name="test011" classname="TP2.Gestor_Artigos_ESTest" time="0.001"/>
  <testcase name="test099" classname="TP2.Gestor_Artigos_ESTest" time="0"/>
  <testcase name="test094" classname="TP2.Gestor_Artigos_ESTest" time="0.001"/>
  <testcase name="test093" classname="TP2.Gestor_Artigos_ESTest" time="0.001"/>
  <testcase name="test096" classname="TP2.Gestor_Artigos_ESTest" time="0.001"/>
  <testcase name="test095" classname="TP2.Gestor_Artigos_ESTest" time="0"/>
  <testcase name="test007" classname="TP2.Gestor_Artigos_ESTest" time="0"/>
  <testcase name="test006" classname="TP2.Gestor_Artigos_ESTest" time="0.001"/>
  <testcase name="test009" classname="TP2.Gestor_Artigos_ESTest" time="0.001"/>
  <testcase name="test008" classname="TP2.Gestor_Artigos_ESTest" time="0"/>
  <testcase name="test003" classname="TP2.Gestor_Artigos_ESTest" time="0.001"/>
  <testcase name="test002" classname="TP2.Gestor_Artigos_ESTest" time="0"/>
  <testcase name="test005" classname="TP2.Gestor_Artigos_ESTest" time="0.001"/>
  <testcase name="test004" classname="TP2.Gestor_Artigos_ESTest" time="0"/>
  <testcase name="test081" classname="TP2.Gestor_Artigos_ESTest" time="0.001"/>
  <testcase name="test080" classname="TP2.Gestor_Artigos_ESTest" time="0"/>
  <testcase name="test087" classname="TP2.Gestor_Artigos_ESTest" time="0.001"/>
  <testcase name="test086" classname="TP2.Gestor_Artigos_ESTest" time="0"/>
  <testcase name="test001" classname="TP2.Gestor_Artigos_ESTest" time="0.001"/>
  <testcase name="test089" classname="TP2.Gestor_Artigos_ESTest" time="0"/>
  <testcase name="test000" classname="TP2.Gestor_Artigos_ESTest" time="0.001"/>
  <testcase name="test088" classname="TP2.Gestor_Artigos_ESTest" time="0"/>
  <testcase name="test083" classname="TP2.Gestor_Artigos_ESTest" time="0.001"/>
  <testcase name="test082" classname="TP2.Gestor_Artigos_ESTest" time="0.001"/>
  <testcase name="test085" classname="TP2.Gestor_Artigos_ESTest" time="0"/>
  <testcase name="test084" classname="TP2.Gestor_Artigos_ESTest" time="0.001"/>
  <testcase name="test079" classname="TP2.Gestor_Artigos_ESTest" time="0"/>
</testsuite>